2019-01-08 17:47:54,232 [QUES][001][ ]驻站联络员与现场防护员间须每（）分钟联系一次，确认通信良好。
2019-01-08 17:47:54,232 [BANK][111][C]驻站联络员与现场防护员间须每（）分钟联系一次，确认通信良好。
2019-01-08 17:47:54,233 [QUES][002][ ]（）负责对全段汽车驾驶员进行道路交通安全培训和上岗证的取证、复审送培工作，将培训纳入年度培训计划，并组织实施。
2019-01-08 17:47:54,233 [BANK][117][C]（）负责对全段汽车驾驶员进行道路交通安全培训和上岗证的取证、复审送培工作，将培训纳入年度培训计划，并组织实施。
2019-01-08 17:47:54,233 [QUES][003][ ]各部门、各单位接到雪天预警，要及时通知有关人员做好准备，确保应急预案启动后各岗位人员在规定时间（分钟）内到岗到位。
2019-01-08 17:47:54,233 [BANK][121][C]各部门、各单位接到雪天预警，要及时通知有关人员做好准备，确保应急预案启动后各岗位人员在规定时间（分钟）内到岗到位。
2019-01-08 17:47:54,233 [QUES][004][ ]驻所联络员于每日（)时前领取夜间天窗修作业明细表，值班调度员（值班监控员）向驻所联络员布置当日作业的安全卡控注意事项。
2019-01-08 17:47:54,234 [BANK][133][D]驻所联络员于每日（)时前领取夜间天窗修作业明细表，值班调度员（值班监控员）向驻所联络员布置当日作业的安全卡控注意事项。
2019-01-08 17:47:54,234 [QUES][005][ ]发生原因不明自然灾害的设备故障，必须对设备进行彻底的检查，采取连续()小时实时监测措施。
2019-01-08 17:47:54,234 [BANK][124][D]发生原因不明自然灾害的设备故障，必须对设备进行彻底的检查，采取连续()小时实时监测措施。
2019-01-08 17:47:54,234 [QUES][006][ ]发现牵引供电设备断线及其部件损坏，或发现牵引供电设备上挂有线头、绳索、塑料布或脱落搭接等异物，均不得与之接触，应距已断线索或异物处所（）米以外。
2019-01-08 17:47:54,234 [BANK][106][B]发现牵引供电设备断线及其部件损坏，或发现牵引供电设备上挂有线头、绳索、塑料布或脱落搭接等异物，均不得与之接触，应距已断线索或异物处所（）米以外。
2019-01-08 17:47:54,234 [QUES][007][ ]在列车距离作业点只有（）个闭塞分区，驻站联络员还未接到现场防护员报告下道完毕时，立即以警告方式提醒现场防护员。
2019-01-08 17:47:54,234 [BANK][131][B]在列车距离作业点只有（）个闭塞分区，驻站联络员还未接到现场防护员报告下道完毕时，立即以警告方式提醒现场防护员。
2019-01-08 17:47:54,234 [QUES][008][ ]行人持有长大、飘动等物件通过道口时，不得高举挥动，应与牵引供电设备带电部分保持（）m以上的距离。
2019-01-08 17:47:54,234 [BANK][128][A]行人持有长大、飘动等物件通过道口时，不得高举挥动，应与牵引供电设备带电部分保持（）m以上的距离。
2019-01-08 17:47:54,234 [QUES][009][ ]任何人员及所携带的物件、作业工器具等须与牵引供电设备高压带电部分保持()米以上的距离。
2019-01-08 17:47:54,235 [BANK][105][C]任何人员及所携带的物件、作业工器具等须与牵引供电设备高压带电部分保持()米以上的距离。
2019-01-08 17:47:54,235 [QUES][010][ ]各相关单位于每年（）月份组织扫雪除冰知识、设备工具操作使用和作业安全规定的学习培训。
2019-01-08 17:47:54,235 [BANK][122][C]各相关单位于每年（）月份组织扫雪除冰知识、设备工具操作使用和作业安全规定的学习培训。
2019-01-08 17:47:54,235 [QUES][011][ ]新建电气化铁路在牵引供电设备送电前()天，建设单位应将送电日期通告铁路沿线路内外各有关单位。
2019-01-08 17:47:54,235 [BANK][104][B]新建电气化铁路在牵引供电设备送电前()天，建设单位应将送电日期通告铁路沿线路内外各有关单位。
2019-01-08 17:47:54,235 [QUES][012][ ]在（）米以上高处作业时，应按规定使用安全带或采取安全防护措施。
2019-01-08 17:47:54,235 [BANK][138][A]在（）米以上高处作业时，应按规定使用安全带或采取安全防护措施。
2019-01-08 17:47:54,235 [QUES][013][ ]与回流线、架空地线、保护线保持（）m以上距离，距离不足时，牵引供电设备须停电。
2019-01-08 17:47:54,236 [BANK][126][A]与回流线、架空地线、保护线保持（）m以上距离，距离不足时，牵引供电设备须停电。
2019-01-08 17:47:54,236 [QUES][014][ ]横跨或上线路前，必须执行“（）”制度，做到“一站、二看、三通过”，确认无列车接近时，方可跨越或上线路。
2019-01-08 17:47:54,236 [BANK][129][D]横跨或上线路前，必须执行“（）”制度，做到“一站、二看、三通过”，确认无列车接近时，方可跨越或上线路。
2019-01-08 17:47:54,236 [QUES][015][ ]驻站联络员通知下道避车时机自动闭塞区段通过列车，作业人员在区间作业时，列车到达距离作业点（）个闭塞分区前（不含作业点所在分区）通知。
2019-01-08 17:47:54,236 [BANK][130][C]驻站联络员通知下道避车时机自动闭塞区段通过列车，作业人员在区间作业时，列车到达距离作业点（）个闭塞分区前（不含作业点所在分区）通知。
2019-01-08 17:47:54,236 [QUES][016][ ]牵引供电设备支柱在距轨面（)m高处均要设白底黑字“高压危险”并有红色闪电符号的警示标志。
2019-01-08 17:47:54,236 [BANK][108][D]牵引供电设备支柱在距轨面（)m高处均要设白底黑字“高压危险”并有红色闪电符号的警示标志。
2019-01-08 17:47:54,236 [QUES][017][ ]搬运、拆装重物时，每人负重一般不得超过（）kg。
2019-01-08 17:47:54,236 [BANK][137][D]搬运、拆装重物时，每人负重一般不得超过（）kg。
2019-01-08 17:47:54,237 [QUES][018][ ]搬运、拆装重物时，每人负重一般不得超过（）kg，做到单一指挥、呼唤应答、同起同落。
2019-01-08 17:47:54,237 [BANK][115][D]搬运、拆装重物时，每人负重一般不得超过（）kg，做到单一指挥、呼唤应答、同起同落。
2019-01-08 17:47:54,237 [QUES][019][ ]通过道口车辆上部或其货物装载高度（从地面算起）超过（）m通过平交道口时，车辆上部及装载货物上严禁坐人。
2019-01-08 17:47:54,237 [BANK][127][A]通过道口车辆上部或其货物装载高度（从地面算起）超过（）m通过平交道口时，车辆上部及装载货物上严禁坐人。
2019-01-08 17:47:54,237 [QUES][020][ ]安全防护用品损坏后要立即进行修理、更换或调剂使用，并做好记录。损坏的安全防护用品须在（）周内配置到位。
2019-01-08 17:47:54,237 [BANK][114][B]安全防护用品损坏后要立即进行修理、更换或调剂使用，并做好记录。损坏的安全防护用品须在（）周内配置到位。
2019-01-08 17:47:54,237 [QUES][001][ ]发生低压触电事故时，应根据现场情况立即采取以下措施（）。
2019-01-08 17:47:54,237 [BANK][140][A#B#C#D]发生低压触电事故时，应根据现场情况立即采取以下措施（）。
2019-01-08 17:47:54,237 [QUES][002][ ]以下属于劳动者需要履行的义务是（）。
2019-01-08 17:47:54,238 [BANK][159][A#B#C#D]以下属于劳动者需要履行的义务是（）。
2019-01-08 17:47:54,238 [QUES][003][ ]防护员认真贯彻执行“（）”方针，迅速准确地发出或转达各种列车信息和指令，确保作业人员的绝对安全。
2019-01-08 17:47:54,238 [BANK][147][A#B#C#D]防护员认真贯彻执行“（）”方针，迅速准确地发出或转达各种列车信息和指令，确保作业人员的绝对安全。
2019-01-08 17:47:54,238 [QUES][004][ ]防护装置、设施，出现（）情况，可视为无效防护。
2019-01-08 17:47:54,238 [BANK][157][A#B#C#D]防护装置、设施，出现（）情况，可视为无效防护。
2019-01-08 17:47:54,238 [QUES][005][ ]电务系统防护员岗位包括（）。
2019-01-08 17:47:54,238 [BANK][141][A#C#D]电务系统防护员岗位包括（）。
2019-01-08 17:47:54,238 [QUES][006][ ]电务人员作业时，应按规定使用耐高压的绝缘防护用品，如()等。
2019-01-08 17:47:54,238 [BANK][148][A#B#C]电务人员作业时，应按规定使用耐高压的绝缘防护用品，如()等。
2019-01-08 17:47:54,239 [QUES][007][ ]属于有毒有害气体的有（）。
2019-01-08 17:47:54,239 [BANK][174][A#B]属于有毒有害气体的有（）。
2019-01-08 17:47:54,239 [QUES][008][ ]下列属于（）是冻伤处置的急救和治疗原则。
2019-01-08 17:47:54,239 [BANK][152][A#B#C#D]下列属于（）是冻伤处置的急救和治疗原则。
2019-01-08 17:47:54,239 [QUES][009][ ]天窗点外上道作业，（）做法是存在安全风险的。
2019-01-08 17:47:54,239 [BANK][160][A#B#C#D]天窗点外上道作业，（）做法是存在安全风险的。
2019-01-08 17:47:54,239 [QUES][010][ ]加强维修、施工、故障处理等关键环节的控制，落实安全卡控措施，加强安全警示教育，增强电务职工的（），杜绝违章作业。
2019-01-08 17:47:54,239 [BANK][142][A#B#C]加强维修、施工、故障处理等关键环节的控制，落实安全卡控措施，加强安全警示教育，增强电务职工的（），杜绝违章作业。
2019-01-08 17:47:54,239 [QUES][001][ ]在站内作业时要时时注意瞭望列车运行，根据站场线路布置，建立作业安全岛或明确安全区域。
2019-01-08 17:47:54,239 [BANK][060][Y]在站内作业时要时时注意瞭望列车运行，根据站场线路布置，建立作业安全岛或明确安全区域。
2019-01-08 17:47:54,240 [QUES][002][ ]如现场防护员与驻站联络员正常联系中断，现场防护员要立即通知作业人员停止作业，并积极采取各种方式与驻站联络员取得联系，待恢复联系后，方可进行正常作业。
2019-01-08 17:47:54,240 [BANK][084][Y]如现场防护员与驻站联络员正常联系中断，现场防护员要立即通知作业人员停止作业，并积极采取各种方式与驻站联络员取得联系，待恢复联系后，方可进行正常作业。
2019-01-08 17:47:54,240 [QUES][003][ ]A类预案针对列车冲突、脱轨、火灾、爆炸、自然灾害等造成电务设备大面积损坏，车站计算机联锁、电源屏、RBC、核心机房、局中心TDCS/CTC系统瘫痪，干线光电缆、大通道中断，通信瘫痪，动车大面积晚点等影响较大的事件。
2019-01-08 17:47:54,240 [BANK][031][Y]A类预案针对列车冲突、脱轨、火灾、爆炸、自然灾害等造成电务设备大面积损坏，车站计算机联锁、电源屏、RBC、核心机房、局中心TDCS/CTC系统瘫痪，干线光电缆、大通道中断，通信瘫痪，动车大面积晚点等影响较大的事件。
2019-01-08 17:47:54,240 [QUES][004][ ]电力线路、光电缆、管路等跨越电气化铁路施工时，须在接触网停电并做好安全防护措施后进行。
2019-01-08 17:47:54,240 [BANK][052][Y]电力线路、光电缆、管路等跨越电气化铁路施工时，须在接触网停电并做好安全防护措施后进行。
2019-01-08 17:47:54,240 [QUES][005][ ]作业结束后，作业负责人须确认工机具、仪器仪表、照明灯具、通信工具及材料全部撤出封闭设施以外，方可通知驻调度所（站）联络员作业销记。
2019-01-08 17:47:54,240 [BANK][019][N]作业结束后，作业负责人须确认工机具、仪器仪表、照明灯具、通信工具及材料全部撤出封闭设施以外，方可通知驻调度所（站）联络员作业销记。
2019-01-08 17:47:54,240 [QUES][006][ ]高铁区段的天窗作业必须按规定设置现场安全防护员。天窗修单元内无机车车辆运行时，现场安全防护员在天窗开始后，可参与部分辅助性工作，但必须在天窗修计划结束前20分钟停止作业，履行现场安全防护员职责。
2019-01-08 17:47:54,241 [BANK][025][Y]高铁区段的天窗作业必须按规定设置现场安全防护员。天窗修单元内无机车车辆运行时，现场安全防护员在天窗开始后，可参与部分辅助性工作，但必须在天窗修计划结束前20分钟停止作业，履行现场安全防护员职责。
2019-01-08 17:47:54,241 [QUES][007][ ]驾驶机动车辆超载与货物装载不牢固出车和车辆带故障行驶。
2019-01-08 17:47:54,241 [BANK][039][N]驾驶机动车辆超载与货物装载不牢固出车和车辆带故障行驶。
2019-01-08 17:47:54,241 [QUES][008][ ]如现场防护员与驻站联络员正常联系中断，现场防护员要立即通知作业人员停止作业，并积极采取各种方式与驻站联络员取得联系，待恢复联系后，方可进行正常作业。
2019-01-08 17:47:54,241 [BANK][084][Y]如现场防护员与驻站联络员正常联系中断，现场防护员要立即通知作业人员停止作业，并积极采取各种方式与驻站联络员取得联系，待恢复联系后，方可进行正常作业。
2019-01-08 17:47:54,241 [QUES][009][ ]新设备开通使用前，电务（通信）段应组织设计、施工部门和产品供应商，对维修人员进行技术培训，考试合格，方准上岗作业。
2019-01-08 17:47:54,241 [BANK][030][Y]新设备开通使用前，电务（通信）段应组织设计、施工部门和产品供应商，对维修人员进行技术培训，考试合格，方准上岗作业。
2019-01-08 17:47:54,241 [QUES][010][ ]检修电动（电空、电液）转辙机时，应打开遮断器。
2019-01-08 17:47:54,241 [BANK][095][Y]检修电动（电空、电液）转辙机时，应打开遮断器。
2019-01-08 17:47:54,242 [QUES][011][ ]高速铁路上道作业须执行路局相关要求。所有影响高速铁路行车设备稳定、设备使用和行车安全的维修、检查、检测等作业，均须在天窗时间内进行。
2019-01-08 17:47:54,242 [BANK][066][Y]高速铁路上道作业须执行路局相关要求。所有影响高速铁路行车设备稳定、设备使用和行车安全的维修、检查、检测等作业，均须在天窗时间内进行。
2019-01-08 17:47:54,242 [QUES][012][ ]驾驶机动车辆接打手机和收看发信息。
2019-01-08 17:47:54,242 [BANK][040][N]驾驶机动车辆接打手机和收看发信息。
2019-01-08 17:47:54,242 [QUES][013][ ]驻站（所）联络员须认真执行有关规定进行列车接近预告，不得随意离开行车室（调度室），确需离开时须通知室外作业人员下道避车，并确认作业人员下道完毕后方可离开，未接到驻站联络员通知返回岗位前，所有人员不得上道作业。
2019-01-08 17:47:54,242 [BANK][021][Y]驻站（所）联络员须认真执行有关规定进行列车接近预告，不得随意离开行车室（调度室），确需离开时须通知室外作业人员下道避车，并确认作业人员下道完毕后方可离开，未接到驻站联络员通知返回岗位前，所有人员不得上道作业。
2019-01-08 17:47:54,242 [QUES][014][ ]机车、动车及各种车辆上方的接触网设备未停电并办理安全防护措施前，禁止任何人员攀登到车顶或车辆装载的货物上。
2019-01-08 17:47:54,242 [BANK][064][Y]机车、动车及各种车辆上方的接触网设备未停电并办理安全防护措施前，禁止任何人员攀登到车顶或车辆装载的货物上。
2019-01-08 17:47:54,242 [QUES][015][ ]B类预案针对影响范围较大的单项设备损坏及性质比较严重的险情。如影响正线的道岔挤岔，分向电缆盒损坏，高柱信号机机柱折断，联锁、列控、CTC、自动闭塞、电源屏等较复杂或影响动车组、Z字头列车等正线设备的故障。
2019-01-08 17:47:54,242 [BANK][032][Y]B类预案针对影响范围较大的单项设备损坏及性质比较严重的险情。如影响正线的道岔挤岔，分向电缆盒损坏，高柱信号机机柱折断，联锁、列控、CTC、自动闭塞、电源屏等较复杂或影响动车组、Z字头列车等正线设备的故障。
2019-01-08 17:47:54,243 [QUES][016][ ]停用信号、联锁、闭塞设备的站内作业。列车在站内停车后再出发，当车站值班员布置完发车进路时，驻站联络员通知现场防护员，现场防护员通知作业人员下道避车。
2019-01-08 17:47:54,243 [BANK][087][Y]停用信号、联锁、闭塞设备的站内作业。列车在站内停车后再出发，当车站值班员布置完发车进路时，驻站联络员通知现场防护员，现场防护员通知作业人员下道避车。
2019-01-08 17:47:54,243 [QUES][017][ ]现场防护员与作业人员执行“同去同归”制度。
2019-01-08 17:47:54,243 [BANK][023][Y]现场防护员与作业人员执行“同去同归”制度。
2019-01-08 17:47:54,243 [QUES][018][ ]电气化铁路区段电缆在切割电缆外皮或打开电缆套管、作业地点铺设干燥的橡皮绝缘垫或作业人员穿高压绝缘靴进行。
2019-01-08 17:47:54,243 [BANK][055][N]电气化铁路区段电缆在切割电缆外皮或打开电缆套管、作业地点铺设干燥的橡皮绝缘垫或作业人员穿高压绝缘靴进行。
2019-01-08 17:47:54,243 [QUES][019][ ]全员必须经过人身安全知识培训，考试合格，方可上岗。
2019-01-08 17:47:54,243 [BANK][026][Y]全员必须经过人身安全知识培训，考试合格，方可上岗。
2019-01-08 17:47:54,243 [QUES][020][ ]上班前严禁饮酒，充分休息，保证工作时精力充沛、思想集中。
2019-01-08 17:47:54,243 [BANK][004][Y]上班前严禁饮酒，充分休息，保证工作时精力充沛、思想集中。
2019-01-08 17:47:54,244 [QUES][021][ ]条防护员对所辖区域内作业人员的人身安全负有监督、防护责任，并使用标准联系用语。
2019-01-08 17:47:54,244 [BANK][020][Y]条防护员对所辖区域内作业人员的人身安全负有监督、防护责任，并使用标准联系用语。
2019-01-08 17:47:54,244 [QUES][022][ ]距牵引供电设备带电部分超过2m的燃着物体，使用沙土灭火时，牵引供电设备可不停电。
2019-01-08 17:47:54,244 [BANK][054][Y]距牵引供电设备带电部分超过2m的燃着物体，使用沙土灭火时，牵引供电设备可不停电。
2019-01-08 17:47:54,244 [QUES][023][ ]驾驶机动车辆可非专职司机驾车。
2019-01-08 17:47:54,244 [BANK][038][N]驾驶机动车辆可非专职司机驾车。
2019-01-08 17:47:54,244 [QUES][024][ ]驻站联络员在确认室内外全部作业完毕，室外作业人员已离开作业区域、全部到达工区（行车室）或安全地点（高铁须撤出桥面、隧道和路基地段栅栏范围内）后，方可终止防护。
2019-01-08 17:47:54,244 [BANK][075][Y]驻站联络员在确认室内外全部作业完毕，室外作业人员已离开作业区域、全部到达工区（行车室）或安全地点（高铁须撤出桥面、隧道和路基地段栅栏范围内）后，方可终止防护。
2019-01-08 17:47:54,244 [QUES][025][ ]遇降雾、暴风雨雪等恶劣天气影响瞭望时停止上道作业，如必须上道时，应采取增设防护等安全措施。
2019-01-08 17:47:54,244 [BANK][018][Y]遇降雾、暴风雨雪等恶劣天气影响瞭望时停止上道作业，如必须上道时，应采取增设防护等安全措施。
2019-01-08 17:47:54,244 [QUES][026][ ]重大事故：指一次造成死亡1～2人或重伤3人以上、10人以下的事故。
2019-01-08 17:47:54,244 [BANK][044][Y]重大事故：指一次造成死亡1～2人或重伤3人以上、10人以下的事故。
2019-01-08 17:47:54,245 [QUES][027][ ]电气化铁路相关作业人员每年至少进行2次安全考试，考试合格后，方准参加作业。
2019-01-08 17:47:54,245 [BANK][046][N]电气化铁路相关作业人员每年至少进行2次安全考试，考试合格后，方准参加作业。
2019-01-08 17:47:54,245 [QUES][028][ ]已经取得防护员岗位资格培训合格证的人员每二年需复审验证一次，复审验证不合格不得继续担任防护工作。
2019-01-08 17:47:54,245 [BANK][012][N]已经取得防护员岗位资格培训合格证的人员每二年需复审验证一次，复审验证不合格不得继续担任防护工作。
2019-01-08 17:47:54,245 [QUES][029][ ]牵引供电设备故障时，与牵引供电设备相连接的支柱、接地引下线、综合接地线等可能出现高电压，未采取安全措施前，禁止与其接触，并保持安全距离。
2019-01-08 17:47:54,245 [BANK][051][Y]牵引供电设备故障时，与牵引供电设备相连接的支柱、接地引下线、综合接地线等可能出现高电压，未采取安全措施前，禁止与其接触，并保持安全距离。
2019-01-08 17:47:54,245 [QUES][030][ ]对带有220V及其以上电压的电务设备进行作业时，一般应切断电源或一人监护一人作业。
2019-01-08 17:47:54,245 [BANK][001][Y]对带有220V及其以上电压的电务设备进行作业时，一般应切断电源或一人监护一人作业。
